TN:
SF:src\components\DeloadBanner.tsx
FN:17,DeloadBanner
FN:25,(anonymous_1)
FN:42,(anonymous_2)
FN:83,(anonymous_3)
FN:129,(anonymous_4)
FN:187,(anonymous_5)
FN:232,(anonymous_6)
FN:243,(anonymous_7)
FNF:8
FNH:4
FNDA:19,DeloadBanner
FNDA:10,(anonymous_1)
FNDA:10,(anonymous_2)
FNDA:1,(anonymous_3)
FNDA:0,(anonymous_4)
FNDA:0,(anonymous_5)
FNDA:0,(anonymous_6)
FNDA:0,(anonymous_7)
DA:13,2
DA:14,0
DA:18,19
DA:19,19
DA:20,19
DA:21,19
DA:22,19
DA:23,19
DA:25,19
DA:26,10
DA:28,9
DA:29,9
DA:30,9
DA:32,9
DA:33,7
DA:42,19
DA:43,10
DA:44,3
DA:45,3
DA:46,3
DA:47,3
DA:48,0
DA:53,19
DA:56,9
DA:57,3
DA:60,3
DA:63,3
DA:64,3
DA:66,3
DA:83,1
DA:113,6
DA:116,4
DA:123,4
DA:129,4
DA:130,0
DA:131,0
DA:134,4
DA:188,0
DA:232,0
DA:243,0
DA:255,2
LF:41
LH:34
BRDA:13,0,0,0
BRDA:13,0,1,2
BRDA:13,1,0,2
BRDA:13,1,1,0
BRDA:26,2,0,1
BRDA:26,2,1,9
BRDA:28,3,0,9
BRDA:28,3,1,0
BRDA:32,4,0,7
BRDA:32,4,1,2
BRDA:32,5,0,9
BRDA:32,5,1,8
BRDA:43,6,0,3
BRDA:43,6,1,7
BRDA:43,7,0,10
BRDA:43,7,1,3
BRDA:47,8,0,0
BRDA:47,8,1,3
BRDA:53,9,0,10
BRDA:53,9,1,9
BRDA:56,10,0,3
BRDA:56,10,1,6
BRDA:57,11,0,3
BRDA:57,11,1,0
BRDA:77,12,0,3
BRDA:77,12,1,0
BRDA:113,13,0,2
BRDA:113,13,1,4
BRDA:113,14,0,6
BRDA:113,14,1,5
BRDA:116,15,0,0
BRDA:116,15,1,4
BRDA:118,16,0,4
BRDA:118,16,1,0
BRDA:123,17,0,0
BRDA:123,17,1,4
BRDA:125,18,0,4
BRDA:125,18,1,0
BRDA:158,19,0,4
BRDA:158,19,1,0
BRDA:162,20,0,0
BRDA:162,20,1,4
BRDA:178,21,0,4
BRDA:178,21,1,0
BRDA:194,22,0,0
BRDA:194,22,1,0
BRDA:196,23,0,0
BRDA:196,23,1,0
BRF:48
BRH:31
end_of_record
TN:
SF:src\components\EditWorkoutDialog\EditWorkoutDialog.tsx
FN:38,EditWorkoutDialog
FN:59,(anonymous_1)
FN:62,(anonymous_2)
FN:68,(anonymous_3)
FN:69,(anonymous_4)
FN:72,(anonymous_5)
FN:73,(anonymous_6)
FN:76,(anonymous_7)
FN:78,(anonymous_8)
FN:96,(anonymous_9)
FN:110,(anonymous_10)
FN:131,(anonymous_11)
FN:138,(anonymous_12)
FN:148,(anonymous_13)
FN:156,(anonymous_14)
FN:174,(anonymous_15)
FN:179,(anonymous_16)
FN:188,(anonymous_17)
FN:192,(anonymous_18)
FN:240,(anonymous_19)
FN:253,(anonymous_20)
FN:254,(anonymous_21)
FNF:22
FNH:0
FNDA:0,EditWorkoutDialog
FNDA:0,(anonymous_1)
FNDA:0,(anonymous_2)
FNDA:0,(anonymous_3)
FNDA:0,(anonymous_4)
FNDA:0,(anonymous_5)
FNDA:0,(anonymous_6)
FNDA:0,(anonymous_7)
FNDA:0,(anonymous_8)
FNDA:0,(anonymous_9)
FNDA:0,(anonymous_10)
FNDA:0,(anonymous_11)
FNDA:0,(anonymous_12)
FNDA:0,(anonymous_13)
FNDA:0,(anonymous_14)
FNDA:0,(anonymous_15)
FNDA:0,(anonymous_16)
FNDA:0,(anonymous_17)
FNDA:0,(anonymous_18)
FNDA:0,(anonymous_19)
FNDA:0,(anonymous_20)
FNDA:0,(anonymous_21)
DA:49,0
DA:52,0
DA:53,0
DA:54,0
DA:55,0
DA:56,0
DA:57,0
DA:59,0
DA:60,0
DA:61,0
DA:62,0
DA:63,0
DA:68,0
DA:69,0
DA:72,0
DA:73,0
DA:76,0
DA:77,0
DA:78,0
DA:79,0
DA:87,0
DA:88,0
DA:89,0
DA:90,0
DA:91,0
DA:92,0
DA:93,0
DA:96,0
DA:97,0
DA:98,0
DA:99,0
DA:100,0
DA:101,0
DA:102,0
DA:105,0
DA:110,0
DA:132,0
DA:138,0
DA:148,0
DA:156,0
DA:175,0
DA:176,0
DA:177,0
DA:179,0
DA:189,0
DA:193,0
DA:194,0
DA:195,0
DA:241,0
DA:242,0
DA:243,0
DA:253,0
DA:254,0
DA:263,4
LF:54
LH:1
BRDA:46,0,0,0
BRDA:47,1,0,0
BRDA:61,2,0,0
BRDA:61,2,1,0
BRDA:63,3,0,0
BRDA:63,3,1,0
BRDA:69,4,0,0
BRDA:69,4,1,0
BRDA:77,5,0,0
BRDA:77,5,1,0
BRDA:77,6,0,0
BRDA:77,6,1,0
BRDA:77,6,2,0
BRDA:82,7,0,0
BRDA:82,7,1,0
BRDA:107,8,0,0
BRDA:107,8,1,0
BRDA:107,9,0,0
BRDA:107,9,1,0
BRDA:126,10,0,0
BRDA:126,10,1,0
BRDA:168,11,0,0
BRDA:168,11,1,0
BRDA:173,12,0,0
BRDA:173,12,1,0
BRDA:183,13,0,0
BRDA:183,13,1,0
BRDA:185,14,0,0
BRDA:185,14,1,0
BRF:29
BRH:0
end_of_record
TN:
SF:src\components\InfoTooltip\InfoTooltip.tsx
FN:15,InfoTooltip
FN:25,(anonymous_1)
FN:43,(anonymous_2)
FN:45,(anonymous_3)
FN:54,(anonymous_4)
FNF:5
FNH:3
FNDA:11,InfoTooltip
FNDA:3,(anonymous_1)
FNDA:0,(anonymous_2)
FNDA:0,(anonymous_3)
FNDA:1,(anonymous_4)
DA:16,11
DA:17,11
DA:19,11
DA:20,11
DA:22,11
DA:25,3
DA:43,0
DA:45,0
DA:54,1
DA:66,5
DA:98,5
LF:11
LH:9
BRDA:15,0,0,9
BRDA:19,1,0,10
BRDA:19,1,1,1
BRDA:20,2,0,10
BRDA:20,2,1,1
BRF:5
BRH:5
end_of_record
TN:
SF:src\components\PausedWorkoutCard\PausedWorkoutCard.tsx
FN:35,timeAgo
FN:45,PausedWorkoutCard
FNF:2
FNH:2
FNDA:12,timeAgo
FNDA:12,PausedWorkoutCard
DA:36,12
DA:37,12
DA:38,12
DA:39,3
DA:40,2
DA:41,2
DA:42,1
DA:53,12
DA:55,12
DA:87,5
LF:10
LH:10
BRDA:38,0,0,9
BRDA:38,0,1,3
BRDA:39,1,0,1
BRDA:39,1,1,2
BRDA:41,2,0,1
BRDA:41,2,1,1
BRDA:64,3,0,11
BRDA:64,3,1,1
BRDA:95,4,0,0
BRDA:95,4,1,5
BRF:10
BRH:9
end_of_record
TN:
SF:src\components\ProgramCard\ProgramCard.tsx
FN:66,SimpleBar
FN:75,ProgramCard
FNF:2
FNH:2
FNDA:40,SimpleBar
FNDA:20,ProgramCard
DA:67,40
DA:68,40
DA:85,20
DA:88,20
DA:90,20
DA:92,20
DA:95,20
DA:101,20
DA:104,20
DA:110,20
DA:116,20
DA:121,20
DA:208,5
LF:13
LH:13
BRDA:66,0,0,0
BRDA:88,1,0,20
BRDA:88,1,1,0
BRDA:92,2,0,20
BRDA:92,2,1,0
BRDA:92,3,0,20
BRDA:92,3,1,0
BRDA:95,4,0,1
BRDA:95,4,1,19
BRDA:96,5,0,1
BRDA:96,5,1,18
BRDA:97,6,0,1
BRDA:97,6,1,17
BRDA:101,7,0,1
BRDA:101,7,1,19
BRDA:104,8,0,1
BRDA:104,8,1,19
BRDA:105,9,0,1
BRDA:105,9,1,18
BRDA:106,10,0,1
BRDA:106,10,1,17
BRDA:110,11,0,1
BRDA:110,11,1,19
BRDA:111,12,0,1
BRDA:111,12,1,18
BRDA:112,13,0,1
BRDA:112,13,1,17
BRDA:116,14,0,1
BRDA:116,14,1,19
BRDA:117,15,0,1
BRDA:117,15,1,18
BRDA:118,16,0,1
BRDA:118,16,1,17
BRDA:137,17,0,20
BRDA:137,17,1,0
BRDA:146,18,0,20
BRDA:146,18,1,1
BRDA:159,19,0,5
BRDA:159,19,1,15
BRDA:168,20,0,1
BRDA:168,20,1,4
BRDA:187,21,0,15
BRDA:187,21,1,14
BRDA:216,22,0,0
BRDA:216,22,1,5
BRF:45
BRH:39
end_of_record
TN:
SF:src\components\ProgressBar\ProgressBar.tsx
FN:19,ProgressBar
FN:75,GoalProgress
FNF:2
FNH:2
FNDA:22,ProgressBar
FNDA:9,GoalProgress
DA:27,22
DA:29,22
DA:30,22
DA:32,22
DA:33,22
DA:35,22
DA:82,9
DA:83,9
DA:84,9
DA:86,9
DA:113,5
LF:11
LH:11
BRDA:22,0,0,12
BRDA:23,1,0,21
BRDA:32,2,0,22
BRDA:32,2,1,12
BRDA:33,3,0,22
BRDA:33,3,1,21
BRDA:37,4,0,22
BRDA:37,4,1,21
BRDA:37,4,2,12
BRDA:39,5,0,12
BRDA:39,5,1,1
BRDA:44,6,0,12
BRDA:44,6,1,12
BRDA:79,7,0,8
BRDA:80,8,0,8
BRDA:83,9,0,8
BRDA:83,9,1,1
BRDA:90,10,0,9
BRDA:90,10,1,8
BRDA:91,11,0,3
BRDA:91,11,1,5
BRDA:99,12,0,3
BRDA:99,12,1,6
BRDA:101,13,0,9
BRDA:101,13,1,3
BRF:25
BRH:25
end_of_record
TN:
SF:src\components\RestTimer\RestTimer.tsx
FN:20,CircleProgress
FN:69,RestTimer
FN:80,(anonymous_2)
FN:90,(anonymous_3)
FN:152,(anonymous_4)
FN:155,(anonymous_5)
FN:168,(anonymous_6)
FNF:7
FNH:5
FNDA:2,CircleProgress
FNDA:14,RestTimer
FNDA:14,(anonymous_2)
FNDA:28,(anonymous_3)
FNDA:8,(anonymous_4)
FNDA:0,(anonymous_5)
FNDA:0,(anonymous_6)
DA:23,2
DA:24,2
DA:27,2
DA:28,2
DA:30,2
DA:37,2
DA:44,2
DA:53,2
DA:70,14
DA:71,14
DA:73,14
DA:74,14
DA:76,14
DA:77,14
DA:80,14
DA:81,14
DA:82,1
DA:86,14
DA:87,0
DA:90,14
DA:91,28
DA:92,24
DA:93,22
DA:96,14
DA:97,12
DA:130,2
DA:153,8
DA:155,0
DA:168,0
DA:196,5
LF:30
LH:27
BRDA:69,0,0,2
BRDA:74,1,0,14
BRDA:74,1,1,0
BRDA:76,2,0,12
BRDA:76,2,1,2
BRDA:77,3,0,12
BRDA:77,3,1,2
BRDA:81,4,0,1
BRDA:81,4,1,13
BRDA:81,5,0,14
BRDA:81,5,1,1
BRDA:86,6,0,0
BRDA:86,6,1,14
BRDA:86,7,0,14
BRDA:86,7,1,4
BRDA:86,7,2,1
BRDA:91,8,0,4
BRDA:91,8,1,24
BRDA:92,9,0,2
BRDA:92,9,1,22
BRDA:96,10,0,12
BRDA:96,10,1,2
BRDA:107,11,0,8
BRDA:107,11,1,4
BRDA:109,12,0,8
BRDA:109,12,1,4
BRDA:111,13,0,8
BRDA:111,13,1,4
BRDA:113,14,0,8
BRDA:113,14,1,4
BRDA:157,15,0,4
BRDA:157,15,1,4
BRDA:160,16,0,4
BRDA:160,16,1,4
BRDA:176,17,0,2
BRDA:176,17,1,0
BRDA:178,18,0,2
BRDA:178,18,1,0
BRDA:181,19,0,2
BRDA:181,19,1,0
BRF:40
BRH:35
end_of_record
TN:
SF:src\components\TemplateCard\TemplateCard.tsx
FN:20,TemplateCard
FN:30,(anonymous_1)
FN:31,(anonymous_2)
FN:70,(anonymous_3)
FNF:4
FNH:4
FNDA:15,TemplateCard
FNDA:9,(anonymous_1)
FNDA:9,(anonymous_2)
FNDA:8,(anonymous_3)
DA:28,15
DA:30,15
DA:31,15
DA:33,15
DA:71,8
DA:104,5
LF:6
LH:6
BRDA:22,0,0,11
BRDA:39,1,0,15
BRDA:39,1,1,14
BRDA:46,2,0,15
BRDA:46,2,1,2
BRDA:51,3,0,15
BRDA:51,3,1,2
BRDA:68,4,0,15
BRDA:68,4,1,3
BRDA:80,5,0,3
BRDA:80,5,1,1
BRDA:88,6,0,15
BRDA:88,6,1,2
BRF:13
BRH:13
end_of_record
TN:
SF:src\components\WorkoutCard\WorkoutCard.tsx
FN:36,WorkoutCard
FN:48,(anonymous_1)
FN:49,(anonymous_2)
FN:50,(anonymous_3)
FN:52,(anonymous_4)
FN:53,(anonymous_5)
FN:58,(anonymous_6)
FN:65,(anonymous_7)
FN:114,(anonymous_8)
FN:196,(anonymous_9)
FN:197,(anonymous_10)
FN:198,(anonymous_11)
FNF:12
FNH:10
FNDA:21,WorkoutCard
FNDA:39,(anonymous_1)
FNDA:38,(anonymous_2)
FNDA:39,(anonymous_3)
FNDA:16,(anonymous_4)
FNDA:13,(anonymous_5)
FNDA:0,(anonymous_6)
FNDA:0,(anonymous_7)
FNDA:21,(anonymous_8)
FNDA:16,(anonymous_9)
FNDA:82,(anonymous_10)
FNDA:37,(anonymous_11)
DA:13,5
DA:45,21
DA:47,21
DA:48,39
DA:49,38
DA:50,39
DA:52,21
DA:53,16
DA:54,16
DA:58,21
DA:59,0
DA:60,0
DA:61,0
DA:65,21
DA:66,0
DA:67,0
DA:114,21
DA:115,21
DA:143,21
DA:197,82
DA:198,37
DA:199,16
DA:230,5
LF:23
LH:18
BRDA:38,0,0,12
BRDA:39,1,0,16
BRDA:47,2,0,21
BRDA:47,2,1,0
BRDA:54,3,0,16
BRDA:54,3,1,11
BRDA:69,4,0,0
BRDA:69,4,1,0
BRDA:79,5,0,0
BRDA:79,5,1,0
BRDA:89,6,0,0
BRDA:89,6,1,0
BRDA:99,7,0,0
BRDA:99,7,1,0
BRDA:149,8,0,21
BRDA:149,8,1,0
BRDA:162,9,0,21
BRDA:162,9,1,21
BRDA:162,9,2,20
BRDA:166,10,0,21
BRDA:166,10,1,2
BRDA:171,11,0,21
BRDA:171,11,1,2
BRDA:179,12,0,0
BRDA:179,12,1,21
BRDA:182,13,0,21
BRDA:182,13,1,0
BRDA:182,13,2,0
BRDA:194,14,0,21
BRDA:194,14,1,21
BRDA:194,14,2,8
BRDA:210,15,0,8
BRDA:210,15,1,1
BRDA:218,16,0,21
BRDA:218,16,1,20
BRF:35
BRH:22
end_of_record
TN:
SF:src\context\ThemeContext.tsx
FN:15,ThemeProvider
FN:20,(anonymous_1)
FN:21,(anonymous_2)
FN:36,(anonymous_3)
FN:37,(anonymous_4)
FN:39,(anonymous_5)
FN:44,(anonymous_6)
FN:46,(anonymous_7)
FN:56,useThemeMode
FNF:9
FNH:7
FNDA:21,ThemeProvider
FNDA:9,(anonymous_1)
FNDA:9,(anonymous_2)
FNDA:3,(anonymous_3)
FNDA:3,(anonymous_4)
FNDA:0,(anonymous_5)
FNDA:2,(anonymous_6)
FNDA:0,(anonymous_7)
FNDA:20,useThemeMode
DA:13,5
DA:16,21
DA:17,21
DA:20,21
DA:21,9
DA:22,9
DA:23,9
DA:24,8
DA:25,4
DA:27,4
DA:30,1
DA:33,9
DA:36,21
DA:37,3
DA:38,3
DA:39,3
DA:40,3
DA:44,21
DA:45,2
DA:46,2
DA:49,21
DA:57,20
DA:58,20
DA:59,2
DA:61,18
LF:25
LH:25
BRDA:24,0,0,4
BRDA:24,0,1,4
BRDA:39,1,0,1
BRDA:39,1,1,2
BRDA:46,2,0,1
BRDA:46,2,1,1
BRDA:58,3,0,2
BRDA:58,3,1,18
BRF:8
BRH:8
end_of_record
TN:
SF:src\data\activities\activities.ts
FN:526,getCardioForPurpose
FN:527,(anonymous_1)
FN:533,getRecoveryForMuscles
FN:534,(anonymous_3)
FN:535,(anonymous_4)
FN:543,getFinisherSuggestions
FN:546,(anonymous_6)
FN:551,(anonymous_7)
FNF:8
FNH:8
FNDA:4,getCardioForPurpose
FNDA:100,(anonymous_1)
FNDA:4,getRecoveryForMuscles
FNDA:76,(anonymous_3)
FNDA:128,(anonymous_4)
FNDA:3,getFinisherSuggestions
FNDA:8,(anonymous_6)
FNDA:8,(anonymous_7)
DA:19,3
DA:278,3
DA:460,3
DA:527,100
DA:534,4
DA:535,128
DA:544,3
DA:546,1
DA:547,8
DA:549,2
DA:551,1
DA:552,8
DA:555,1
LF:13
LH:13
BRDA:535,0,0,76
BRDA:535,0,1,66
BRDA:544,1,0,1
BRDA:544,1,1,2
BRDA:549,2,0,1
BRDA:549,2,1,1
BRDA:552,3,0,8
BRDA:552,3,1,3
BRF:8
BRH:8
end_of_record
TN:
SF:src\data\programs\programs.ts
FN:12,(anonymous_0)
FN:13,(anonymous_1)
FN:15,(anonymous_2)
FN:16,(anonymous_3)
FNF:4
FNH:4
FNDA:84,(anonymous_0)
FNDA:924,(anonymous_1)
FNDA:84,(anonymous_2)
FNDA:924,(anonymous_3)
DA:6,6
DA:12,6
DA:13,924
DA:15,6
DA:16,924
DA:21,6
DA:153,6
LF:7
LH:7
BRF:0
BRH:0
end_of_record
TN:
SF:src\utils\deloadDetection.ts
FN:47,getWeeklySummaries
FN:64,(anonymous_1)
FN:69,(anonymous_2)
FN:76,(anonymous_3)
FN:78,(anonymous_4)
FN:79,(anonymous_5)
FN:87,(anonymous_6)
FN:98,(anonymous_7)
FN:109,(anonymous_8)
FN:119,(anonymous_9)
FN:127,(anonymous_10)
FN:152,detectTrend
FN:167,weeksSinceLastDeload
FN:168,(anonymous_13)
FN:172,(anonymous_14)
FN:186,getConsecutiveTrainingDays
FN:193,(anonymous_16)
FN:216,detectStalledLifts
FN:224,(anonymous_18)
FN:229,(anonymous_19)
FN:231,(anonymous_20)
FN:235,(anonymous_21)
FN:235,(anonymous_22)
FN:243,(anonymous_23)
FN:257,(anonymous_24)
FN:261,(anonymous_25)
FN:263,(anonymous_26)
FN:278,analyzeDeloadNeed
FN:301,(anonymous_28)
FN:306,(anonymous_29)
FN:336,(anonymous_30)
FN:366,(anonymous_31)
FN:367,(anonymous_32)
FN:499,getDeloadConfig
FN:512,applyDeloadToExercises
FN:516,(anonymous_35)
FN:525,(anonymous_36)
FNF:37
FNH:35
FNDA:7,getWeeklySummaries
FNDA:324,(anonymous_1)
FNDA:180,(anonymous_2)
FNDA:54,(anonymous_3)
FNDA:20,(anonymous_4)
FNDA:20,(anonymous_5)
FNDA:0,(anonymous_6)
FNDA:30,(anonymous_7)
FNDA:30,(anonymous_8)
FNDA:30,(anonymous_9)
FNDA:30,(anonymous_10)
FNDA:6,detectTrend
FNDA:7,weeksSinceLastDeload
FNDA:42,(anonymous_13)
FNDA:17,(anonymous_14)
FNDA:7,getConsecutiveTrainingDays
FNDA:54,(anonymous_16)
FNDA:7,detectStalledLifts
FNDA:54,(anonymous_18)
FNDA:50,(anonymous_19)
FNDA:20,(anonymous_20)
FNDA:20,(anonymous_21)
FNDA:20,(anonymous_22)
FNDA:0,(anonymous_23)
FNDA:3,(anonymous_24)
FNDA:17,(anonymous_25)
FNDA:17,(anonymous_26)
FNDA:8,analyzeDeloadNeed
FNDA:42,(anonymous_28)
FNDA:8,(anonymous_29)
FNDA:8,(anonymous_30)
FNDA:7,(anonymous_31)
FNDA:7,(anonymous_32)
FNDA:3,getDeloadConfig
FNDA:8,applyDeloadToExercises
FNDA:8,(anonymous_35)
FNDA:12,(anonymous_36)
DA:52,7
DA:53,7
DA:55,7
DA:56,42
DA:57,42
DA:58,42
DA:60,42
DA:61,42
DA:62,42
DA:64,42
DA:65,324
DA:66,324
DA:69,42
DA:70,180
DA:71,180
DA:74,42
DA:75,42
DA:76,42
DA:77,54
DA:78,16
DA:79,20
DA:80,20
DA:81,20
DA:82,20
DA:86,38
DA:87,0
DA:88,0
DA:89,0
DA:97,42
DA:102,30
DA:103,30
DA:108,42
DA:112,30
DA:113,30
DA:118,42
DA:120,30
DA:121,30
DA:126,42
DA:128,30
DA:129,30
DA:133,42
DA:145,7
DA:153,6
DA:154,6
DA:155,6
DA:157,6
DA:158,10
DA:159,10
DA:161,6
DA:168,42
DA:169,7
DA:172,17
DA:173,7
DA:175,7
DA:176,42
DA:177,0
DA:180,7
DA:187,7
DA:189,7
DA:190,7
DA:192,7
DA:194,54
DA:195,54
DA:196,54
DA:200,7
DA:201,7
DA:202,41
DA:203,41
DA:204,41
DA:205,30
DA:206,11
DA:207,7
DA:210,7
DA:220,7
DA:221,7
DA:222,7
DA:224,54
DA:227,7
DA:229,7
DA:230,50
DA:231,16
DA:232,20
DA:233,20
DA:234,20
DA:235,20
DA:238,20
DA:239,20
DA:242,34
DA:243,0
DA:244,0
DA:245,0
DA:246,0
DA:247,0
DA:253,7
DA:254,7
DA:255,7
DA:257,7
DA:258,3
DA:259,3
DA:261,17
DA:262,3
DA:263,17
DA:265,3
DA:266,3
DA:267,3
DA:271,7
DA:282,8
DA:283,8
DA:284,8
DA:287,8
DA:288,1
DA:300,7
DA:301,42
DA:304,7
DA:305,7
DA:306,8
DA:307,3
DA:308,3
DA:310,3
DA:312,3
DA:317,3
DA:318,3
DA:320,3
DA:334,7
DA:335,7
DA:336,8
DA:337,3
DA:338,3
DA:340,3
DA:342,1
DA:347,1
DA:348,1
DA:350,1
DA:364,7
DA:365,7
DA:366,7
DA:367,7
DA:368,3
DA:370,3
DA:372,2
DA:373,2
DA:374,2
DA:376,2
DA:387,7
DA:388,7
DA:389,7
DA:391,2
DA:392,2
DA:393,2
DA:395,2
DA:405,7
DA:406,7
DA:407,7
DA:408,2
DA:409,2
DA:411,2
DA:412,2
DA:413,2
DA:415,2
DA:416,2
DA:427,7
DA:428,7
DA:429,7
DA:431,7
DA:432,7
DA:433,7
DA:435,7
DA:445,7
DA:448,7
DA:451,7
DA:452,7
DA:453,7
DA:454,1
DA:455,1
DA:456,6
DA:457,0
DA:458,0
DA:459,6
DA:460,1
DA:461,1
DA:465,7
DA:466,7
DA:467,5
DA:468,0
DA:470,5
DA:473,2
DA:474,1
DA:476,1
DA:477,0
DA:480,1
DA:484,7
DA:500,3
DA:516,8
DA:517,8
DA:518,8
DA:525,12
DA:535,8
LF:197
LH:184
BRDA:50,0,0,0
BRDA:66,1,0,324
BRDA:66,1,1,286
BRDA:71,2,0,180
BRDA:71,2,1,151
BRDA:77,3,0,16
BRDA:77,3,1,38
BRDA:80,4,0,20
BRDA:80,4,1,0
BRDA:82,5,0,20
BRDA:82,5,1,0
BRDA:82,6,0,20
BRDA:82,6,1,0
BRDA:82,6,2,0
BRDA:86,7,0,0
BRDA:86,7,1,38
BRDA:89,8,0,0
BRDA:89,8,1,0
BRDA:89,9,0,0
BRDA:89,9,1,0
BRDA:97,10,0,7
BRDA:97,10,1,35
BRDA:102,11,0,30
BRDA:102,11,1,6
BRDA:108,12,0,7
BRDA:108,12,1,35
BRDA:112,13,0,30
BRDA:112,13,1,1
BRDA:118,14,0,7
BRDA:118,14,1,35
BRDA:120,15,0,30
BRDA:120,15,1,6
BRDA:126,16,0,7
BRDA:126,16,1,35
BRDA:128,17,0,30
BRDA:128,17,1,12
BRDA:153,18,0,0
BRDA:153,18,1,6
BRDA:161,19,0,6
BRDA:161,19,1,0
BRDA:169,20,0,0
BRDA:169,20,1,7
BRDA:176,21,0,0
BRDA:176,21,1,42
BRDA:176,22,0,42
BRDA:176,22,1,5
BRDA:187,23,0,0
BRDA:187,23,1,7
BRDA:204,24,0,30
BRDA:204,24,1,11
BRDA:206,25,0,7
BRDA:206,25,1,4
BRDA:218,26,0,7
BRDA:230,27,0,16
BRDA:230,27,1,34
BRDA:233,28,0,3
BRDA:233,28,1,17
BRDA:235,29,0,20
BRDA:235,29,1,0
BRDA:238,30,0,20
BRDA:238,30,1,0
BRDA:242,31,0,0
BRDA:242,31,1,34
BRDA:245,32,0,0
BRDA:245,32,1,0
BRDA:246,33,0,0
BRDA:246,33,1,0
BRDA:246,34,0,0
BRDA:246,34,1,0
BRDA:258,35,0,0
BRDA:258,35,1,3
BRDA:265,36,0,3
BRDA:265,36,1,0
BRDA:287,37,0,1
BRDA:287,37,1,7
BRDA:305,38,0,3
BRDA:305,38,1,4
BRDA:305,39,0,7
BRDA:305,39,1,7
BRDA:308,40,0,3
BRDA:308,40,1,0
BRDA:310,41,0,3
BRDA:310,41,1,0
BRDA:310,42,0,3
BRDA:310,42,1,1
BRDA:312,43,0,3
BRDA:312,43,1,0
BRDA:312,44,0,3
BRDA:312,44,1,1
BRDA:314,45,0,0
BRDA:314,45,1,0
BRDA:317,46,0,3
BRDA:317,46,1,0
BRDA:317,47,0,0
BRDA:317,47,1,0
BRDA:323,48,0,2
BRDA:323,48,1,1
BRDA:335,49,0,3
BRDA:335,49,1,4
BRDA:335,50,0,7
BRDA:335,50,1,7
BRDA:338,51,0,3
BRDA:338,51,1,0
BRDA:340,52,0,1
BRDA:340,52,1,2
BRDA:340,53,0,3
BRDA:340,53,1,3
BRDA:342,54,0,1
BRDA:342,54,1,0
BRDA:342,55,0,1
BRDA:342,55,1,0
BRDA:344,56,0,0
BRDA:344,56,1,0
BRDA:347,57,0,1
BRDA:347,57,1,0
BRDA:347,58,0,0
BRDA:347,58,1,0
BRDA:353,59,0,1
BRDA:353,59,1,0
BRDA:365,60,0,3
BRDA:365,60,1,4
BRDA:365,61,0,7
BRDA:365,61,1,7
BRDA:368,62,0,3
BRDA:368,62,1,0
BRDA:370,63,0,2
BRDA:370,63,1,1
BRDA:370,64,0,3
BRDA:370,64,1,1
BRDA:372,65,0,2
BRDA:372,65,1,0
BRDA:372,66,0,0
BRDA:372,66,1,0
BRDA:373,67,0,2
BRDA:373,67,1,0
BRDA:373,68,0,0
BRDA:373,68,1,0
BRDA:389,69,0,2
BRDA:389,69,1,5
BRDA:391,70,0,0
BRDA:391,70,1,2
BRDA:391,71,0,2
BRDA:391,71,1,0
BRDA:392,72,0,0
BRDA:392,72,1,2
BRDA:392,73,0,2
BRDA:392,73,1,0
BRDA:407,74,0,2
BRDA:407,74,1,5
BRDA:409,75,0,2
BRDA:409,75,1,0
BRDA:411,76,0,2
BRDA:411,76,1,0
BRDA:411,77,0,0
BRDA:411,77,1,0
BRDA:412,78,0,2
BRDA:412,78,1,0
BRDA:412,79,0,0
BRDA:412,79,1,0
BRDA:429,80,0,7
BRDA:429,80,1,0
BRDA:431,81,0,7
BRDA:431,81,1,0
BRDA:431,82,0,0
BRDA:431,82,1,0
BRDA:432,83,0,7
BRDA:432,83,1,0
BRDA:432,84,0,0
BRDA:432,84,1,0
BRDA:445,85,0,7
BRDA:445,85,1,0
BRDA:453,86,0,1
BRDA:453,86,1,6
BRDA:456,87,0,0
BRDA:456,87,1,6
BRDA:459,88,0,1
BRDA:459,88,1,5
BRDA:466,89,0,5
BRDA:466,89,1,2
BRDA:467,90,0,0
BRDA:467,90,1,5
BRDA:473,91,0,1
BRDA:473,91,1,1
BRDA:476,92,0,0
BRDA:476,92,1,1
BRDA:504,93,0,1
BRDA:504,93,1,2
BRDA:517,94,0,8
BRDA:517,94,1,0
BRDA:527,95,0,12
BRDA:527,95,1,0
BRDA:528,96,0,11
BRDA:528,96,1,1
BRDA:532,97,0,12
BRDA:532,97,1,12
BRF:195
BRH:121
end_of_record
TN:
SF:src\utils\constants\constants.ts
FNF:0
FNH:0
DA:3,19
DA:4,19
DA:7,19
DA:16,19
DA:23,19
DA:34,19
DA:45,19
DA:53,19
DA:63,19
DA:79,19
DA:91,19
DA:99,19
DA:108,19
DA:119,19
DA:135,19
DA:143,19
DA:152,19
DA:162,19
DA:183,19
DA:207,19
LF:20
LH:20
BRF:0
BRH:0
end_of_record
TN:
SF:src\utils\formulas\formulas.ts
FN:10,generateUUID
FN:11,(anonymous_1)
FN:22,calculateBMR_KatchMcArdle
FN:31,calculateBMR_MifflinStJeor
FN:50,calculateLeanMass
FN:57,calculateTDEE
FN:64,calculateNutrition
FN:147,calculate1RM_Epley
FN:157,calculate1RM_Brzycki
FN:166,getBest1RMFromSets
FN:170,(anonymous_10)
FN:171,(anonymous_11)
FN:179,calculateProgressiveOverload
FN:187,(anonymous_13)
FN:203,(anonymous_14)
FN:204,(anonymous_15)
FN:205,(anonymous_16)
FN:207,(anonymous_17)
FN:207,(anonymous_18)
FN:208,(anonymous_19)
FN:261,formatDuration
FN:270,formatDate
FN:282,toISODate
FN:289,convertWeight
FN:298,convertHeight
FN:307,calculateWeeksToGoal
FN:327,getWeekTemplate
FN:367,roundWeight
FN:387,generate1RMTestProtocol
FNF:29
FNH:28
FNDA:3,generateUUID
FNDA:93,(anonymous_1)
FNDA:4,calculateBMR_KatchMcArdle
FNDA:6,calculateBMR_MifflinStJeor
FNDA:9,calculateLeanMass
FNDA:8,calculateTDEE
FNDA:5,calculateNutrition
FNDA:11,calculate1RM_Epley
FNDA:6,calculate1RM_Brzycki
FNDA:4,getBest1RMFromSets
FNDA:8,(anonymous_10)
FNDA:5,(anonymous_11)
FNDA:4,calculateProgressiveOverload
FNDA:8,(anonymous_13)
FNDA:8,(anonymous_14)
FNDA:8,(anonymous_15)
FNDA:8,(anonymous_16)
FNDA:8,(anonymous_17)
FNDA:0,(anonymous_18)
FNDA:8,(anonymous_19)
FNDA:20,formatDuration
FNDA:22,formatDate
FNDA:2,toISODate
FNDA:4,convertWeight
FNDA:4,convertHeight
FNDA:4,calculateWeeksToGoal
FNDA:14,getWeekTemplate
FNDA:156,roundWeight
FNDA:52,generate1RMTestProtocol
DA:11,3
DA:12,93
DA:13,93
DA:14,93
DA:23,4
DA:37,6
DA:38,6
DA:39,3
DA:40,3
DA:41,2
DA:44,1
DA:51,9
DA:58,8
DA:66,5
DA:67,5
DA:68,5
DA:70,5
DA:71,4
DA:73,1
DA:76,5
DA:77,4
DA:82,5
DA:83,0
DA:86,5
DA:87,1
DA:90,4
DA:91,4
DA:94,5
DA:98,5
DA:99,1
DA:100,4
DA:101,1
DA:103,3
DA:107,5
DA:110,5
DA:114,5
DA:115,1
DA:116,1
DA:117,4
DA:118,1
DA:119,1
DA:123,5
DA:124,5
DA:126,5
DA:127,5
DA:128,5
DA:129,5
DA:131,5
DA:148,11
DA:149,10
DA:150,8
DA:158,6
DA:159,5
DA:160,1
DA:167,4
DA:169,3
DA:170,8
DA:171,5
DA:173,3
DA:187,8
DA:189,4
DA:190,1
DA:203,8
DA:204,8
DA:205,8
DA:206,3
DA:207,8
DA:208,8
DA:210,3
DA:214,3
DA:215,3
DA:216,3
DA:217,3
DA:220,3
DA:221,2
DA:222,2
DA:223,2
DA:226,1
DA:227,0
DA:228,0
DA:231,1
DA:232,1
DA:233,0
DA:234,0
DA:236,1
DA:241,0
DA:242,0
DA:245,3
DA:262,20
DA:263,20
DA:264,20
DA:271,22
DA:272,22
DA:283,2
DA:290,4
DA:291,2
DA:292,1
DA:299,4
DA:300,2
DA:301,1
DA:312,4
DA:313,2
DA:333,14
DA:334,10
DA:337,4
DA:338,3
DA:340,1
DA:368,156
DA:369,156
DA:394,52
DA:396,52
DA:397,52
DA:400,52
DA:401,52
DA:402,52
DA:405,52
DA:407,52
DA:434,52
LF:118
LH:111
BRDA:13,0,0,90
BRDA:13,0,1,3
BRDA:38,1,0,3
BRDA:38,1,1,3
BRDA:40,2,0,2
BRDA:40,2,1,1
BRDA:70,3,0,4
BRDA:70,3,1,1
BRDA:76,4,0,4
BRDA:76,4,1,1
BRDA:82,5,0,0
BRDA:82,5,1,5
BRDA:83,6,0,0
BRDA:83,6,1,0
BRDA:86,7,0,1
BRDA:86,7,1,4
BRDA:90,8,0,3
BRDA:90,8,1,1
BRDA:90,9,0,1
BRDA:90,9,1,0
BRDA:98,10,0,1
BRDA:98,10,1,4
BRDA:100,11,0,1
BRDA:100,11,1,3
BRDA:100,12,0,4
BRDA:100,12,1,3
BRDA:114,13,0,1
BRDA:114,13,1,4
BRDA:117,14,0,1
BRDA:117,14,1,3
BRDA:148,15,0,1
BRDA:148,15,1,10
BRDA:149,16,0,2
BRDA:149,16,1,8
BRDA:158,17,0,1
BRDA:158,17,1,5
BRDA:159,18,0,4
BRDA:159,18,1,1
BRDA:159,19,0,5
BRDA:159,19,1,3
BRDA:167,20,0,1
BRDA:167,20,1,3
BRDA:170,21,0,8
BRDA:170,21,1,7
BRDA:170,21,2,6
BRDA:185,22,0,0
BRDA:189,23,0,1
BRDA:189,23,1,3
BRDA:207,24,0,3
BRDA:207,24,1,3
BRDA:207,25,0,0
BRDA:207,25,1,0
BRDA:210,26,0,1
BRDA:210,26,1,2
BRDA:220,27,0,2
BRDA:220,27,1,1
BRDA:226,28,0,0
BRDA:226,28,1,1
BRDA:231,29,0,1
BRDA:231,29,1,0
BRDA:231,30,0,1
BRDA:231,30,1,1
BRDA:232,31,0,0
BRDA:232,31,1,1
BRDA:282,32,0,1
BRDA:290,33,0,2
BRDA:290,33,1,2
BRDA:291,34,0,1
BRDA:291,34,1,1
BRDA:291,35,0,2
BRDA:291,35,1,1
BRDA:299,36,0,2
BRDA:299,36,1,2
BRDA:300,37,0,1
BRDA:300,37,1,1
BRDA:300,38,0,2
BRDA:300,38,1,1
BRDA:310,39,0,2
BRDA:312,40,0,2
BRDA:312,40,1,2
BRDA:330,41,0,1
BRDA:333,42,0,10
BRDA:333,42,1,4
BRDA:333,43,0,14
BRDA:333,43,1,11
BRDA:337,44,0,3
BRDA:337,44,1,1
BRDA:368,45,0,9
BRDA:368,45,1,147
BRDA:392,46,0,27
BRDA:396,47,0,3
BRDA:396,47,1,49
BRDA:397,48,0,52
BRDA:397,48,1,49
BRDA:438,49,0,3
BRDA:438,49,1,49
BRF:96
BRH:86
end_of_record
TN:
SF:src\utils\plateCalculator\plateCalculator.ts
FN:25,calculatePlates
FN:58,(anonymous_1)
FN:62,(anonymous_2)
FN:73,formatPlatesDisplay
FN:79,(anonymous_4)
FN:95,getWarmupSets
FN:118,(anonymous_6)
FNF:7
FNH:7
FNDA:397,calculatePlates
FNDA:828,(anonymous_1)
FNDA:828,(anonymous_2)
FNDA:279,formatPlatesDisplay
FNDA:596,(anonymous_4)
FNDA:59,getWarmupSets
FNDA:177,(anonymous_6)
DA:13,5
DA:15,5
DA:18,5
DA:30,397
DA:33,397
DA:35,397
DA:36,1
DA:46,396
DA:47,396
DA:49,396
DA:50,2398
DA:51,2398
DA:52,828
DA:53,828
DA:58,828
DA:59,396
DA:62,828
DA:64,396
DA:74,279
DA:75,40
DA:78,239
DA:79,239
DA:80,596
DA:83,239
DA:100,59
DA:103,59
DA:104,58
DA:114,59
DA:115,59
DA:116,59
DA:118,59
DA:119,177
DA:120,177
DA:121,173
DA:131,59
LF:35
LH:35
BRDA:27,0,0,0
BRDA:28,1,0,0
BRDA:30,2,0,22
BRDA:30,2,1,375
BRDA:35,3,0,1
BRDA:35,3,1,396
BRDA:51,4,0,828
BRDA:51,4,1,1570
BRDA:74,5,0,40
BRDA:74,5,1,239
BRDA:78,6,0,2
BRDA:78,6,1,237
BRDA:80,7,0,433
BRDA:80,7,1,163
BRDA:97,8,0,0
BRDA:98,9,0,0
BRDA:103,10,0,58
BRDA:103,10,1,1
BRDA:120,11,0,173
BRDA:120,11,1,4
BRF:20
BRH:16
end_of_record
TN:
SF:src\utils\recoveryEngine\recoveryEngine.ts
FN:378,getRecoverySuggestions
FN:390,(anonymous_1)
FN:396,(anonymous_2)
FN:397,(anonymous_3)
FN:402,(anonymous_4)
FN:409,(anonymous_5)
FN:416,(anonymous_6)
FN:430,getRecoveryRoutineDescription
FN:437,(anonymous_8)
FN:438,(anonymous_9)
FN:449,shouldTakeRestDay
FNF:11
FNH:11
FNDA:13,getRecoverySuggestions
FNDA:23,(anonymous_1)
FNDA:74,(anonymous_2)
FNDA:359,(anonymous_3)
FNDA:74,(anonymous_4)
FNDA:40,(anonymous_5)
FNDA:74,(anonymous_6)
FNDA:4,getRecoveryRoutineDescription
FNDA:12,(anonymous_8)
FNDA:12,(anonymous_9)
FNDA:15,shouldTakeRestDay
DA:6,2
DA:382,13
DA:385,13
DA:386,2
DA:390,11
DA:391,23
DA:392,23
DA:396,11
DA:397,359
DA:401,11
DA:402,11
DA:403,74
DA:404,74
DA:408,11
DA:409,11
DA:410,40
DA:411,38
DA:416,11
DA:417,74
DA:418,3
DA:422,11
DA:431,4
DA:433,4
DA:434,0
DA:437,12
DA:438,12
DA:440,4
DA:453,15
DA:454,5
DA:460,10
DA:461,3
DA:467,7
LF:32
LH:31
BRDA:380,0,0,8
BRDA:385,1,0,2
BRDA:385,1,1,11
BRDA:391,2,0,23
BRDA:391,2,1,0
BRDA:403,3,0,74
BRDA:403,3,1,40
BRDA:410,4,0,38
BRDA:410,4,1,2
BRDA:410,5,0,40
BRDA:410,5,1,38
BRDA:417,6,0,3
BRDA:417,6,1,71
BRDA:417,7,0,74
BRDA:417,7,1,18
BRDA:433,8,0,0
BRDA:433,8,1,4
BRDA:453,9,0,5
BRDA:453,9,1,10
BRDA:460,10,0,3
BRDA:460,10,1,7
BRF:21
BRH:19
end_of_record
