TN:
SF:src\components\ExerciseCard\ExerciseCard.tsx
FN:23,ExerciseCard
FN:37,(anonymous_1)
FN:96,(anonymous_2)
FNF:3
FNH:3
FNDA:28,ExerciseCard
FNDA:84,(anonymous_1)
FNDA:2,(anonymous_2)
DA:35,28
DA:37,28
DA:38,84
DA:52,84
DA:55,28
DA:96,2
DA:134,3
LF:7
LH:7
BRDA:27,0,0,26
BRDA:28,1,0,25
BRDA:52,2,0,84
BRDA:52,2,1,0
BRDA:59,3,0,28
BRDA:59,3,1,1
BRDA:92,4,0,28
BRDA:92,4,1,2
BRDA:92,4,2,1
BRDA:92,4,3,1
BRDA:102,5,0,28
BRDA:102,5,1,26
BRDA:102,5,2,3
BRDA:104,6,0,3
BRDA:104,6,1,2
BRDA:104,6,2,2
BRDA:114,7,0,3
BRDA:114,7,1,2
BRDA:114,7,2,2
BRDA:128,8,0,28
BRDA:128,8,1,1
BRF:21
BRH:20
end_of_record
TN:
SF:src\components\InfoTooltip\InfoTooltip.tsx
FN:14,InfoTooltip
FN:24,(anonymous_1)
FN:42,(anonymous_2)
FN:44,(anonymous_3)
FN:53,(anonymous_4)
FNF:5
FNH:3
FNDA:11,InfoTooltip
FNDA:3,(anonymous_1)
FNDA:0,(anonymous_2)
FNDA:0,(anonymous_3)
FNDA:1,(anonymous_4)
DA:15,11
DA:16,11
DA:18,11
DA:19,11
DA:21,11
DA:24,3
DA:42,0
DA:44,0
DA:53,1
DA:65,3
DA:98,3
LF:11
LH:9
BRDA:14,0,0,9
BRDA:18,1,0,10
BRDA:18,1,1,1
BRDA:19,2,0,10
BRDA:19,2,1,1
BRF:5
BRH:5
end_of_record
TN:
SF:src\components\ProgressBar\ProgressBar.tsx
FN:17,ProgressBar
FN:73,GoalProgress
FNF:2
FNH:2
FNDA:22,ProgressBar
FNDA:9,GoalProgress
DA:25,22
DA:27,22
DA:28,22
DA:30,22
DA:31,22
DA:33,22
DA:80,9
DA:81,9
DA:82,9
DA:84,9
DA:108,3
LF:11
LH:11
BRDA:20,0,0,12
BRDA:21,1,0,21
BRDA:30,2,0,22
BRDA:30,2,1,12
BRDA:31,3,0,22
BRDA:31,3,1,21
BRDA:35,4,0,22
BRDA:35,4,1,21
BRDA:35,4,2,12
BRDA:37,5,0,12
BRDA:37,5,1,1
BRDA:42,6,0,12
BRDA:42,6,1,12
BRDA:77,7,0,8
BRDA:78,8,0,8
BRDA:81,9,0,8
BRDA:81,9,1,1
BRDA:88,10,0,9
BRDA:88,10,1,8
BRDA:89,11,0,3
BRDA:89,11,1,5
BRDA:97,12,0,3
BRDA:97,12,1,6
BRDA:99,13,0,9
BRDA:99,13,1,3
BRF:25
BRH:25
end_of_record
TN:
SF:src\components\RestTimer\RestTimer.tsx
FN:15,RestTimer
FN:30,(anonymous_1)
FN:40,(anonymous_2)
FN:113,(anonymous_3)
FN:116,(anonymous_4)
FN:127,(anonymous_5)
FNF:6
FNH:4
FNDA:14,RestTimer
FNDA:14,(anonymous_1)
FNDA:28,(anonymous_2)
FNDA:8,(anonymous_3)
FNDA:0,(anonymous_4)
FNDA:0,(anonymous_5)
DA:16,14
DA:17,14
DA:19,14
DA:20,14
DA:23,14
DA:24,14
DA:25,14
DA:26,14
DA:27,14
DA:30,14
DA:31,14
DA:32,1
DA:36,14
DA:37,0
DA:40,14
DA:41,28
DA:42,24
DA:43,22
DA:46,14
DA:47,12
DA:74,2
DA:114,8
DA:116,0
DA:127,0
DA:149,3
LF:25
LH:22
BRDA:15,0,0,2
BRDA:20,1,0,14
BRDA:20,1,1,0
BRDA:23,2,0,12
BRDA:23,2,1,2
BRDA:24,3,0,12
BRDA:24,3,1,2
BRDA:31,4,0,1
BRDA:31,4,1,13
BRDA:31,5,0,14
BRDA:31,5,1,1
BRDA:36,6,0,0
BRDA:36,6,1,14
BRDA:36,7,0,14
BRDA:36,7,1,4
BRDA:36,7,2,1
BRDA:41,8,0,4
BRDA:41,8,1,24
BRDA:42,9,0,2
BRDA:42,9,1,22
BRDA:46,10,0,12
BRDA:46,10,1,2
BRDA:57,11,0,8
BRDA:57,11,1,4
BRDA:60,12,0,8
BRDA:60,12,1,4
BRDA:119,13,0,4
BRDA:119,13,1,4
BRDA:133,14,0,2
BRDA:133,14,1,0
BRDA:136,15,0,2
BRDA:136,15,1,0
BRF:32
BRH:28
end_of_record
TN:
SF:src\components\TemplateCard\TemplateCard.tsx
FN:19,TemplateCard
FN:29,(anonymous_1)
FN:30,(anonymous_2)
FN:69,(anonymous_3)
FNF:4
FNH:4
FNDA:15,TemplateCard
FNDA:9,(anonymous_1)
FNDA:9,(anonymous_2)
FNDA:8,(anonymous_3)
DA:27,15
DA:29,15
DA:30,15
DA:32,15
DA:70,8
DA:102,3
LF:6
LH:6
BRDA:21,0,0,11
BRDA:38,1,0,15
BRDA:38,1,1,14
BRDA:45,2,0,15
BRDA:45,2,1,2
BRDA:50,3,0,15
BRDA:50,3,1,2
BRDA:67,4,0,15
BRDA:67,4,1,3
BRDA:79,5,0,3
BRDA:79,5,1,1
BRDA:87,6,0,15
BRDA:87,6,1,2
BRF:13
BRH:13
end_of_record
TN:
SF:src\components\WorkoutCard\WorkoutCard.tsx
FN:34,WorkoutCard
FN:46,(anonymous_1)
FN:47,(anonymous_2)
FN:48,(anonymous_3)
FN:50,(anonymous_4)
FN:51,(anonymous_5)
FN:56,(anonymous_6)
FN:63,(anonymous_7)
FN:112,(anonymous_8)
FN:191,(anonymous_9)
FN:192,(anonymous_10)
FN:193,(anonymous_11)
FNF:12
FNH:10
FNDA:21,WorkoutCard
FNDA:39,(anonymous_1)
FNDA:38,(anonymous_2)
FNDA:39,(anonymous_3)
FNDA:16,(anonymous_4)
FNDA:13,(anonymous_5)
FNDA:0,(anonymous_6)
FNDA:0,(anonymous_7)
FNDA:21,(anonymous_8)
FNDA:16,(anonymous_9)
FNDA:82,(anonymous_10)
FNDA:37,(anonymous_11)
DA:11,3
DA:43,21
DA:45,21
DA:46,39
DA:47,38
DA:48,39
DA:50,21
DA:51,16
DA:52,16
DA:56,21
DA:57,0
DA:58,0
DA:59,0
DA:63,21
DA:64,0
DA:65,0
DA:112,21
DA:113,21
DA:141,21
DA:192,82
DA:193,37
DA:194,16
DA:225,3
LF:23
LH:18
BRDA:36,0,0,12
BRDA:37,1,0,16
BRDA:45,2,0,21
BRDA:45,2,1,0
BRDA:52,3,0,16
BRDA:52,3,1,11
BRDA:67,4,0,0
BRDA:67,4,1,0
BRDA:77,5,0,0
BRDA:77,5,1,0
BRDA:87,6,0,0
BRDA:87,6,1,0
BRDA:97,7,0,0
BRDA:97,7,1,0
BRDA:147,8,0,21
BRDA:147,8,1,0
BRDA:160,9,0,21
BRDA:160,9,1,21
BRDA:160,9,2,20
BRDA:164,10,0,21
BRDA:164,10,1,2
BRDA:169,11,0,21
BRDA:169,11,1,2
BRDA:177,12,0,0
BRDA:177,12,1,21
BRDA:180,13,0,21
BRDA:180,13,1,0
BRDA:180,13,2,0
BRDA:189,14,0,21
BRDA:189,14,1,21
BRDA:189,14,2,8
BRDA:205,15,0,8
BRDA:205,15,1,1
BRDA:213,16,0,21
BRDA:213,16,1,20
BRF:35
BRH:22
end_of_record
TN:
SF:src\context\ThemeContext.tsx
FN:15,ThemeProvider
FN:20,(anonymous_1)
FN:21,(anonymous_2)
FN:36,(anonymous_3)
FN:37,(anonymous_4)
FN:39,(anonymous_5)
FN:44,(anonymous_6)
FN:46,(anonymous_7)
FN:56,useThemeMode
FNF:9
FNH:7
FNDA:21,ThemeProvider
FNDA:9,(anonymous_1)
FNDA:9,(anonymous_2)
FNDA:3,(anonymous_3)
FNDA:3,(anonymous_4)
FNDA:0,(anonymous_5)
FNDA:2,(anonymous_6)
FNDA:0,(anonymous_7)
FNDA:20,useThemeMode
DA:13,3
DA:16,21
DA:17,21
DA:20,21
DA:21,9
DA:22,9
DA:23,9
DA:24,8
DA:25,4
DA:27,4
DA:30,1
DA:33,9
DA:36,21
DA:37,3
DA:38,3
DA:39,3
DA:40,3
DA:44,21
DA:45,2
DA:46,2
DA:49,21
DA:57,20
DA:58,20
DA:59,2
DA:61,18
LF:25
LH:25
BRDA:24,0,0,4
BRDA:24,0,1,4
BRDA:39,1,0,1
BRDA:39,1,1,2
BRDA:46,2,0,1
BRDA:46,2,1,1
BRDA:58,3,0,2
BRDA:58,3,1,18
BRF:8
BRH:8
end_of_record
TN:
SF:src\data\activities\activities.ts
FN:526,getCardioForPurpose
FN:527,(anonymous_1)
FN:533,getRecoveryForMuscles
FN:534,(anonymous_3)
FN:535,(anonymous_4)
FN:543,getFinisherSuggestions
FN:546,(anonymous_6)
FN:551,(anonymous_7)
FNF:8
FNH:8
FNDA:4,getCardioForPurpose
FNDA:100,(anonymous_1)
FNDA:4,getRecoveryForMuscles
FNDA:76,(anonymous_3)
FNDA:128,(anonymous_4)
FNDA:3,getFinisherSuggestions
FNDA:8,(anonymous_6)
FNDA:8,(anonymous_7)
DA:19,2
DA:278,2
DA:460,2
DA:527,100
DA:534,4
DA:535,128
DA:544,3
DA:546,1
DA:547,8
DA:549,2
DA:551,1
DA:552,8
DA:555,1
LF:13
LH:13
BRDA:535,0,0,76
BRDA:535,0,1,66
BRDA:544,1,0,1
BRDA:544,1,1,2
BRDA:549,2,0,1
BRDA:549,2,1,1
BRDA:552,3,0,8
BRDA:552,3,1,3
BRF:8
BRH:8
end_of_record
TN:
SF:src\data\programs\programs.ts
FN:12,(anonymous_0)
FN:13,(anonymous_1)
FN:15,(anonymous_2)
FN:16,(anonymous_3)
FNF:4
FNH:4
FNDA:42,(anonymous_0)
FNDA:462,(anonymous_1)
FNDA:42,(anonymous_2)
FNDA:462,(anonymous_3)
DA:6,3
DA:12,3
DA:13,462
DA:15,3
DA:16,462
DA:21,3
DA:153,3
LF:7
LH:7
BRF:0
BRH:0
end_of_record
TN:
SF:src\utils\constants\constants.ts
FNF:0
FNH:0
DA:3,11
DA:4,11
DA:7,11
DA:16,11
DA:23,11
DA:34,11
DA:45,11
DA:53,11
DA:63,11
DA:79,11
DA:91,11
DA:99,11
DA:108,11
DA:119,11
DA:135,11
DA:143,11
DA:152,11
DA:162,11
DA:183,11
DA:207,11
LF:20
LH:20
BRF:0
BRH:0
end_of_record
TN:
SF:src\utils\formulas\formulas.ts
FN:9,generateUUID
FN:10,(anonymous_1)
FN:21,calculateBMR_KatchMcArdle
FN:30,calculateBMR_MifflinStJeor
FN:49,calculateLeanMass
FN:56,calculateTDEE
FN:63,calculateNutrition
FN:146,calculate1RM_Epley
FN:156,calculate1RM_Brzycki
FN:165,getBest1RMFromSets
FN:169,(anonymous_10)
FN:170,(anonymous_11)
FN:178,calculateProgressiveOverload
FN:186,(anonymous_13)
FN:202,(anonymous_14)
FN:203,(anonymous_15)
FN:204,(anonymous_16)
FN:206,(anonymous_17)
FN:206,(anonymous_18)
FN:207,(anonymous_19)
FN:260,formatDuration
FN:269,formatDate
FN:281,toISODate
FN:288,convertWeight
FN:297,convertHeight
FN:306,calculateWeeksToGoal
FNF:26
FNH:25
FNDA:3,generateUUID
FNDA:93,(anonymous_1)
FNDA:4,calculateBMR_KatchMcArdle
FNDA:6,calculateBMR_MifflinStJeor
FNDA:9,calculateLeanMass
FNDA:8,calculateTDEE
FNDA:5,calculateNutrition
FNDA:11,calculate1RM_Epley
FNDA:6,calculate1RM_Brzycki
FNDA:4,getBest1RMFromSets
FNDA:8,(anonymous_10)
FNDA:5,(anonymous_11)
FNDA:4,calculateProgressiveOverload
FNDA:8,(anonymous_13)
FNDA:8,(anonymous_14)
FNDA:8,(anonymous_15)
FNDA:8,(anonymous_16)
FNDA:8,(anonymous_17)
FNDA:0,(anonymous_18)
FNDA:8,(anonymous_19)
FNDA:20,formatDuration
FNDA:22,formatDate
FNDA:2,toISODate
FNDA:4,convertWeight
FNDA:4,convertHeight
FNDA:4,calculateWeeksToGoal
DA:10,3
DA:11,93
DA:12,93
DA:13,93
DA:22,4
DA:36,6
DA:37,6
DA:38,3
DA:39,3
DA:40,2
DA:43,1
DA:50,9
DA:57,8
DA:65,5
DA:66,5
DA:67,5
DA:69,5
DA:70,4
DA:72,1
DA:75,5
DA:76,4
DA:81,5
DA:82,0
DA:85,5
DA:86,1
DA:89,4
DA:90,4
DA:93,5
DA:97,5
DA:98,1
DA:99,4
DA:100,1
DA:102,3
DA:106,5
DA:109,5
DA:113,5
DA:114,1
DA:115,1
DA:116,4
DA:117,1
DA:118,1
DA:122,5
DA:123,5
DA:125,5
DA:126,5
DA:127,5
DA:128,5
DA:130,5
DA:147,11
DA:148,10
DA:149,8
DA:157,6
DA:158,5
DA:159,1
DA:166,4
DA:168,3
DA:169,8
DA:170,5
DA:172,3
DA:186,8
DA:188,4
DA:189,1
DA:202,8
DA:203,8
DA:204,8
DA:205,3
DA:206,8
DA:207,8
DA:209,3
DA:213,3
DA:214,3
DA:215,3
DA:216,3
DA:219,3
DA:220,2
DA:221,2
DA:222,2
DA:225,1
DA:226,0
DA:227,0
DA:230,1
DA:231,1
DA:232,0
DA:233,0
DA:235,1
DA:240,0
DA:241,0
DA:244,3
DA:261,20
DA:262,20
DA:263,20
DA:270,22
DA:271,22
DA:282,2
DA:289,4
DA:290,2
DA:291,1
DA:298,4
DA:299,2
DA:300,1
DA:311,4
DA:312,2
LF:102
LH:95
BRDA:12,0,0,90
BRDA:12,0,1,3
BRDA:37,1,0,3
BRDA:37,1,1,3
BRDA:39,2,0,2
BRDA:39,2,1,1
BRDA:69,3,0,4
BRDA:69,3,1,1
BRDA:75,4,0,4
BRDA:75,4,1,1
BRDA:81,5,0,0
BRDA:81,5,1,5
BRDA:82,6,0,0
BRDA:82,6,1,0
BRDA:85,7,0,1
BRDA:85,7,1,4
BRDA:89,8,0,3
BRDA:89,8,1,1
BRDA:89,9,0,1
BRDA:89,9,1,0
BRDA:97,10,0,1
BRDA:97,10,1,4
BRDA:99,11,0,1
BRDA:99,11,1,3
BRDA:99,12,0,4
BRDA:99,12,1,3
BRDA:113,13,0,1
BRDA:113,13,1,4
BRDA:116,14,0,1
BRDA:116,14,1,3
BRDA:147,15,0,1
BRDA:147,15,1,10
BRDA:148,16,0,2
BRDA:148,16,1,8
BRDA:157,17,0,1
BRDA:157,17,1,5
BRDA:158,18,0,4
BRDA:158,18,1,1
BRDA:158,19,0,5
BRDA:158,19,1,3
BRDA:166,20,0,1
BRDA:166,20,1,3
BRDA:169,21,0,8
BRDA:169,21,1,7
BRDA:169,21,2,6
BRDA:184,22,0,0
BRDA:188,23,0,1
BRDA:188,23,1,3
BRDA:206,24,0,3
BRDA:206,24,1,3
BRDA:206,25,0,0
BRDA:206,25,1,0
BRDA:209,26,0,1
BRDA:209,26,1,2
BRDA:219,27,0,2
BRDA:219,27,1,1
BRDA:225,28,0,0
BRDA:225,28,1,1
BRDA:230,29,0,1
BRDA:230,29,1,0
BRDA:230,30,0,1
BRDA:230,30,1,1
BRDA:231,31,0,0
BRDA:231,31,1,1
BRDA:281,32,0,1
BRDA:289,33,0,2
BRDA:289,33,1,2
BRDA:290,34,0,1
BRDA:290,34,1,1
BRDA:290,35,0,2
BRDA:290,35,1,1
BRDA:298,36,0,2
BRDA:298,36,1,2
BRDA:299,37,0,1
BRDA:299,37,1,1
BRDA:299,38,0,2
BRDA:299,38,1,1
BRDA:309,39,0,2
BRDA:311,40,0,2
BRDA:311,40,1,2
BRF:80
BRH:70
end_of_record
TN:
SF:src\utils\plateCalculator\plateCalculator.ts
FN:25,calculatePlates
FN:58,(anonymous_1)
FN:62,(anonymous_2)
FN:73,formatPlatesDisplay
FN:79,(anonymous_4)
FN:95,getWarmupSets
FN:118,(anonymous_6)
FNF:7
FNH:7
FNDA:34,calculatePlates
FNDA:51,(anonymous_1)
FNDA:51,(anonymous_2)
FNDA:5,formatPlatesDisplay
FNDA:5,(anonymous_4)
FNDA:7,getWarmupSets
FNDA:21,(anonymous_6)
DA:13,1
DA:15,1
DA:18,1
DA:30,34
DA:33,34
DA:35,34
DA:36,1
DA:46,33
DA:47,33
DA:49,33
DA:50,199
DA:51,199
DA:52,51
DA:53,51
DA:58,51
DA:59,33
DA:62,51
DA:64,33
DA:74,5
DA:75,1
DA:78,4
DA:79,4
DA:80,5
DA:83,4
DA:100,7
DA:103,7
DA:104,6
DA:114,7
DA:115,7
DA:116,7
DA:118,7
DA:119,21
DA:120,21
DA:121,18
DA:131,7
LF:35
LH:35
BRDA:27,0,0,0
BRDA:28,1,0,0
BRDA:30,2,0,1
BRDA:30,2,1,33
BRDA:35,3,0,1
BRDA:35,3,1,33
BRDA:51,4,0,51
BRDA:51,4,1,148
BRDA:74,5,0,1
BRDA:74,5,1,4
BRDA:78,6,0,1
BRDA:78,6,1,3
BRDA:80,7,0,4
BRDA:80,7,1,1
BRDA:97,8,0,0
BRDA:98,9,0,0
BRDA:103,10,0,6
BRDA:103,10,1,1
BRDA:120,11,0,18
BRDA:120,11,1,3
BRF:20
BRH:16
end_of_record
TN:
SF:src\utils\recoveryEngine\recoveryEngine.ts
FN:378,getRecoverySuggestions
FN:390,(anonymous_1)
FN:396,(anonymous_2)
FN:397,(anonymous_3)
FN:402,(anonymous_4)
FN:409,(anonymous_5)
FN:416,(anonymous_6)
FN:430,getRecoveryRoutineDescription
FN:437,(anonymous_8)
FN:438,(anonymous_9)
FN:449,shouldTakeRestDay
FNF:11
FNH:11
FNDA:13,getRecoverySuggestions
FNDA:23,(anonymous_1)
FNDA:74,(anonymous_2)
FNDA:359,(anonymous_3)
FNDA:74,(anonymous_4)
FNDA:40,(anonymous_5)
FNDA:74,(anonymous_6)
FNDA:4,getRecoveryRoutineDescription
FNDA:12,(anonymous_8)
FNDA:12,(anonymous_9)
FNDA:15,shouldTakeRestDay
DA:6,2
DA:382,13
DA:385,13
DA:386,2
DA:390,11
DA:391,23
DA:392,23
DA:396,11
DA:397,359
DA:401,11
DA:402,11
DA:403,74
DA:404,74
DA:408,11
DA:409,11
DA:410,40
DA:411,38
DA:416,11
DA:417,74
DA:418,3
DA:422,11
DA:431,4
DA:433,4
DA:434,0
DA:437,12
DA:438,12
DA:440,4
DA:453,15
DA:454,5
DA:460,10
DA:461,3
DA:467,7
LF:32
LH:31
BRDA:380,0,0,8
BRDA:385,1,0,2
BRDA:385,1,1,11
BRDA:391,2,0,23
BRDA:391,2,1,0
BRDA:403,3,0,74
BRDA:403,3,1,40
BRDA:410,4,0,38
BRDA:410,4,1,2
BRDA:410,5,0,40
BRDA:410,5,1,38
BRDA:417,6,0,3
BRDA:417,6,1,71
BRDA:417,7,0,74
BRDA:417,7,1,18
BRDA:433,8,0,0
BRDA:433,8,1,4
BRDA:453,9,0,5
BRDA:453,9,1,10
BRDA:460,10,0,3
BRDA:460,10,1,7
BRF:21
BRH:19
end_of_record
